Determining if the pthread_create exist failed with the following output:
Change Dir: /home/hh/deeplearning_daily/cuda_test/cuda/build/CMakeFiles/CMakeTmp

Run Build Command:"/usr/bin/make" "cmTC_f0b9a/fast"
/usr/bin/make -f CMakeFiles/cmTC_f0b9a.dir/build.make CMakeFiles/cmTC_f0b9a.dir/build
make[1]: 进入目录“/home/hh/deeplearning_daily/cuda_test/cuda/build/CMakeFiles/CMakeTmp”
Building C object CMakeFiles/cmTC_f0b9a.dir/CheckSymbolExists.c.o
/usr/bin/cc   -fPIC    -o CMakeFiles/cmTC_f0b9a.dir/CheckSymbolExists.c.o   -c /home/hh/deeplearning_daily/cuda_test/cuda/build/CMakeFiles/CMakeTmp/CheckSymbolExists.c
Linking C executable cmTC_f0b9a
/usr/bin/cmake -E cmake_link_script CMakeFiles/cmTC_f0b9a.dir/link.txt --verbose=1
/usr/bin/cc -fPIC     -rdynamic CMakeFiles/cmTC_f0b9a.dir/CheckSymbolExists.c.o  -o cmTC_f0b9a 
CMakeFiles/cmTC_f0b9a.dir/CheckSymbolExists.c.o：在函数‘main’中：
CheckSymbolExists.c:(.text+0x1b)：对‘pthread_create’未定义的引用
collect2: error: ld returned 1 exit status
CMakeFiles/cmTC_f0b9a.dir/build.make:97: recipe for target 'cmTC_f0b9a' failed
make[1]: *** [cmTC_f0b9a] Error 1
make[1]: 离开目录“/home/hh/deeplearning_daily/cuda_test/cuda/build/CMakeFiles/CMakeTmp”
Makefile:126: recipe for target 'cmTC_f0b9a/fast' failed
make: *** [cmTC_f0b9a/fast] Error 2

File /home/hh/deeplearning_daily/cuda_test/cuda/build/CMakeFiles/CMakeTmp/CheckSymbolExists.c:
/* */
#include <pthread.h>

int main(int argc, char** argv)
{
  (void)argv;
#ifndef pthread_create
  return ((int*)(&pthread_create))[argc];
#else
  (void)argc;
  return 0;
#endif
}

Determining if the function pthread_create exists in the pthreads failed with the following output:
Change Dir: /home/hh/deeplearning_daily/cuda_test/cuda/build/CMakeFiles/CMakeTmp

Run Build Command:"/usr/bin/make" "cmTC_bb727/fast"
/usr/bin/make -f CMakeFiles/cmTC_bb727.dir/build.make CMakeFiles/cmTC_bb727.dir/build
make[1]: 进入目录“/home/hh/deeplearning_daily/cuda_test/cuda/build/CMakeFiles/CMakeTmp”
Building C object CMakeFiles/cmTC_bb727.dir/CheckFunctionExists.c.o
/usr/bin/cc   -fPIC -DCHECK_FUNCTION_EXISTS=pthread_create   -o CMakeFiles/cmTC_bb727.dir/CheckFunctionExists.c.o   -c /usr/share/cmake-3.10/Modules/CheckFunctionExists.c
Linking C executable cmTC_bb727
/usr/bin/cmake -E cmake_link_script CMakeFiles/cmTC_bb727.dir/link.txt --verbose=1
/usr/bin/cc -fPIC -DCHECK_FUNCTION_EXISTS=pthread_create    -rdynamic CMakeFiles/cmTC_bb727.dir/CheckFunctionExists.c.o  -o cmTC_bb727 -lpthreads 
/usr/bin/ld: 找不到 -lpthreads
collect2: error: ld returned 1 exit status
CMakeFiles/cmTC_bb727.dir/build.make:97: recipe for target 'cmTC_bb727' failed
make[1]: *** [cmTC_bb727] Error 1
make[1]: 离开目录“/home/hh/deeplearning_daily/cuda_test/cuda/build/CMakeFiles/CMakeTmp”
Makefile:126: recipe for target 'cmTC_bb727/fast' failed
make: *** [cmTC_bb727/fast] Error 2


